<?xml version="1.0" encoding="UTF-8"?>
<robot generator="Robot 5.0.1 (Python 3.9.6 on win32)" generated="20220618 20:20:51.954" rpa="false" schemaversion="3">
<suite id="s1" name="App" source="C:\Users\Gejmer\Desktop\development\Erfan\Tests\app.robot">
<test id="s1-t1" name="Search For Tobii" line="17">
<kw name="Begin web test" library="common" type="SETUP">
<kw name="Open Browser" library="SeleniumLibrary">
<arg>${URL}</arg>
<arg>${BROWSER}</arg>
<doc>Opens a new browser instance to the optional ``url``.</doc>
<msg timestamp="20220618 20:20:52.350" level="INFO">Opening browser 'Chrome' to base url 'https://Tobii.com'.</msg>
<status status="PASS" starttime="20220618 20:20:52.348" endtime="20220618 20:20:54.735"/>
</kw>
<kw name="Maximize Browser Window" library="SeleniumLibrary">
<doc>Maximizes current browser window.</doc>
<status status="PASS" starttime="20220618 20:20:54.735" endtime="20220618 20:20:54.846"/>
</kw>
<status status="PASS" starttime="20220618 20:20:52.347" endtime="20220618 20:20:54.846"/>
</kw>
<kw name="Click Element" library="SeleniumLibrary">
<arg>xpath = //*[@class="icon-search"]</arg>
<doc>Click the element identified by ``locator``.</doc>
<msg timestamp="20220618 20:20:54.847" level="INFO">Clicking element 'xpath = //*[@class="icon-search"]'.</msg>
<status status="PASS" starttime="20220618 20:20:54.847" endtime="20220618 20:20:54.888"/>
</kw>
<kw name="Sleep" library="BuiltIn">
<arg>5s</arg>
<doc>Pauses the test executed for the given time.</doc>
<msg timestamp="20220618 20:20:59.889" level="INFO">Slept 5 seconds</msg>
<status status="PASS" starttime="20220618 20:20:54.889" endtime="20220618 20:20:59.889"/>
</kw>
<kw name="Input Text" library="SeleniumLibrary">
<arg>xpath = //*[@class="query-input tt-input"]</arg>
<arg>career</arg>
<doc>Types the given ``text`` into the text field identified by ``locator``.</doc>
<msg timestamp="20220618 20:20:59.890" level="INFO">Typing text 'career' into text field 'xpath = //*[@class="query-input tt-input"]'.</msg>
<status status="PASS" starttime="20220618 20:20:59.889" endtime="20220618 20:20:59.953"/>
</kw>
<kw name="Sleep" library="BuiltIn">
<arg>2s</arg>
<doc>Pauses the test executed for the given time.</doc>
<msg timestamp="20220618 20:21:01.956" level="INFO">Slept 2 seconds</msg>
<status status="PASS" starttime="20220618 20:20:59.954" endtime="20220618 20:21:01.956"/>
</kw>
<kw name="Ending Web test" library="common" type="TEARDOWN">
<kw name="Close Browser" library="SeleniumLibrary">
<doc>Closes the current browser.</doc>
<status status="PASS" starttime="20220618 20:21:01.957" endtime="20220618 20:21:04.100"/>
</kw>
<status status="PASS" starttime="20220618 20:21:01.956" endtime="20220618 20:21:04.100"/>
</kw>
<status status="PASS" starttime="20220618 20:20:52.344" endtime="20220618 20:21:04.102"/>
</test>
<doc>this is a test</doc>
<status status="PASS" starttime="20220618 20:20:51.955" endtime="20220618 20:21:04.106"/>
</suite>
<statistics>
<total>
<stat pass="1" fail="0" skip="0">All Tests</stat>
</total>
<tag>
</tag>
<suite>
<stat pass="1" fail="0" skip="0" id="s1" name="App">App</stat>
</suite>
</statistics>
<errors>
<msg timestamp="20220618 20:20:51.976" level="ERROR">Error in file 'C:\Users\Gejmer\Desktop\development\Erfan\Tests\app.robot' on line 3: Importing library 'Seleniumlibrary' failed: ModuleNotFoundError: No module named 'Seleniumlibrary'
Traceback (most recent call last):
  None
PYTHONPATH:
  C:\Users\Gejmer\AppData\Local\Programs\Python\Python39\Scripts\robot.exe
  c:\users\gejmer\appdata\local\programs\python\python39\python39.zip
  c:\users\gejmer\appdata\local\programs\python\python39\DLLs
  c:\users\gejmer\appdata\local\programs\python\python39\lib
  c:\users\gejmer\appdata\local\programs\python\python39
  c:\users\gejmer\appdata\local\programs\python\python39\lib\site-packages</msg>
</errors>
</robot>
